# JRE version: OpenJDK Runtime Environment (8.0_212-b04) (build 1.8.0_212-release-1586-b04)
# Java VM: OpenJDK 64-Bit Server VM (25.212-b04 mixed mode windows-amd64 compressed oops)
Heap:
 PSYoungGen      total 115200K, used 2264K [0x00000000e0000000, 0x00000000e7d80000, 0x0000000100000000)
  eden space 104960K, 2% used [0x00000000e0000000,0x00000000e02360c8,0x00000000e6680000)
  from space 10240K, 0% used [0x00000000e7380000,0x00000000e7380000,0x00000000e7d80000)
  to   space 11776K, 0% used [0x00000000e6680000,0x00000000e6680000,0x00000000e7200000)
 ParOldGen       total 95744K, used 12136K [0x00000000a0000000, 0x00000000a5d80000, 0x00000000e0000000)
  object space 95744K, 12% used [0x00000000a0000000,0x00000000a0bda1d8,0x00000000a5d80000)
 Metaspace       used 33638K, capacity 34230K, committed 34816K, reserved 1081344K
  class space    used 4607K, capacity 4762K, committed 4864K, reserved 1048576K
GC Heap History (10 events):
Event: 6.185 GC heap before
{Heap before GC invocations=11 (full 3):
 PSYoungGen      total 115200K, used 64K [0x00000000e0000000, 0x00000000e7d80000, 0x0000000100000000)
  eden space 104960K, 0% used [0x00000000e0000000,0x00000000e0000000,0x00000000e6680000)
  from space 10240K, 0% used [0x00000000e7380000,0x00000000e7390000,0x00000000e7d80000)
  to   space 11776K, 0% used [0x00000000e6680000,0x00000000e6680000,0x00000000e7200000)
 ParOldGen       total 95744K, used 15117K [0x00000000a0000000, 0x00000000a5d80000, 0x00000000e0000000)
  object space 95744K, 15% used [0x00000000a0000000,0x00000000a0ec3568,0x00000000a5d80000)
 Metaspace       used 33822K, capacity 34474K, committed 34560K, reserved 1085440K
  class space    used 4639K, capacity 4828K, committed 4864K, reserved 1048576K
Event: 6.321 GC heap after
Heap after GC invocations=11 (full 3):
 PSYoungGen      total 115200K, used 0K [0x00000000e0000000, 0x00000000e7d80000, 0x0000000100000000)
  eden space 104960K, 0% used [0x00000000e0000000,0x00000000e0000000,0x00000000e6680000)
  from space 10240K, 0% used [0x00000000e7380000,0x00000000e7380000,0x00000000e7d80000)
  to   space 11776K, 0% used [0x00000000e6680000,0x00000000e6680000,0x00000000e7200000)
 ParOldGen       total 95744K, used 14369K [0x00000000a0000000, 0x00000000a5d80000, 0x00000000e0000000)
  object space 95744K, 15% used [0x00000000a0000000,0x00000000a0e08448,0x00000000a5d80000)
 Metaspace       used 33822K, capacity 34474K, committed 34560K, reserved 1081344K
  class space    used 4639K, capacity 4828K, committed 4864K, reserved 1048576K
}
Event: 6.321 GC heap before
{Heap before GC invocations=12 (full 3):
 PSYoungGen      total 115200K, used 0K [0x00000000e0000000, 0x00000000e7d80000, 0x0000000100000000)
  eden space 104960K, 0% used [0x00000000e0000000,0x00000000e0000000,0x00000000e6680000)
  from space 10240K, 0% used [0x00000000e7380000,0x00000000e7380000,0x00000000e7d80000)
  to   space 11776K, 0% used [0x00000000e6680000,0x00000000e6680000,0x00000000e7200000)
 ParOldGen       total 95744K, used 14369K [0x00000000a0000000, 0x00000000a5d80000, 0x00000000e0000000)
  object space 95744K, 15% used [0x00000000a0000000,0x00000000a0e08448,0x00000000a5d80000)
 Metaspace       used 33822K, capacity 34474K, committed 34560K, reserved 1085440K
  class space    used 4639K, capacity 4828K, committed 4864K, reserved 1048576K
Event: 6.322 GC heap after
Heap after GC invocations=12 (full 3):
 PSYoungGen      total 116736K, used 0K [0x00000000e0000000, 0x00000000e7d80000, 0x0000000100000000)
  eden space 104960K, 0% used [0x00000000e0000000,0x00000000e0000000,0x00000000e6680000)
  from space 11776K, 0% used [0x00000000e6680000,0x00000000e6680000,0x00000000e7200000)
  to   space 10240K, 0% used [0x00000000e7380000,0x00000000e7380000,0x00000000e7d80000)
 ParOldGen       total 95744K, used 14369K [0x00000000a0000000, 0x00000000a5d80000, 0x00000000e0000000)
  object space 95744K, 15% used [0x00000000a0000000,0x00000000a0e08448,0x00000000a5d80000)
 Metaspace       used 33822K, capacity 34474K, committed 34560K, reserved 1085440K
  class space    used 4639K, capacity 4828K, committed 4864K, reserved 1048576K
}
Event: 6.322 GC heap before
{Heap before GC invocations=13 (full 4):
 PSYoungGen      total 116736K, used 0K [0x00000000e0000000, 0x00000000e7d80000, 0x0000000100000000)
  eden space 104960K, 0% used [0x00000000e0000000,0x00000000e0000000,0x00000000e6680000)
  from space 11776K, 0% used [0x00000000e6680000,0x00000000e6680000,0x00000000e7200000)
  to   space 10240K, 0% used [0x00000000e7380000,0x00000000e7380000,0x00000000e7d80000)
 ParOldGen       total 95744K, used 14369K [0x00000000a0000000, 0x00000000a5d80000, 0x00000000e0000000)
  object space 95744K, 15% used [0x00000000a0000000,0x00000000a0e08448,0x00000000a5d80000)
 Metaspace       used 33822K, capacity 34474K, committed 34560K, reserved 1085440K
  class space    used 4639K, capacity 4828K, committed 4864K, reserved 1048576K
Event: 6.432 GC heap after
Heap after GC invocations=13 (full 4):
 PSYoungGen      total 116736K, used 0K [0x00000000e0000000, 0x00000000e7d80000, 0x0000000100000000)
  eden space 104960K, 0% used [0x00000000e0000000,0x00000000e0000000,0x00000000e6680000)
  from space 11776K, 0% used [0x00000000e6680000,0x00000000e6680000,0x00000000e7200000)
  to   space 10240K, 0% used [0x00000000e7380000,0x00000000e7380000,0x00000000e7d80000)
 ParOldGen       total 95744K, used 12137K [0x00000000a0000000, 0x00000000a5d80000, 0x00000000e0000000)
  object space 95744K, 12% used [0x00000000a0000000,0x00000000a0bda720,0x00000000a5d80000)
 Metaspace       used 33629K, capacity 34152K, committed 34560K, reserved 1081344K
  class space    used 4603K, capacity 4759K, committed 4864K, reserved 1048576K
}
Event: 6.433 GC heap before
{Heap before GC invocations=14 (full 4):
 PSYoungGen      total 116736K, used 746K [0x00000000e0000000, 0x00000000e7d80000, 0x0000000100000000)
  eden space 104960K, 0% used [0x00000000e0000000,0x00000000e00babc0,0x00000000e6680000)
  from space 11776K, 0% used [0x00000000e6680000,0x00000000e6680000,0x00000000e7200000)
  to   space 10240K, 0% used [0x00000000e7380000,0x00000000e7380000,0x00000000e7d80000)
 ParOldGen       total 95744K, used 12137K [0x00000000a0000000, 0x00000000a5d80000, 0x00000000e0000000)
  object space 95744K, 12% used [0x00000000a0000000,0x00000000a0bda720,0x00000000a5d80000)
 Metaspace       used 33629K, capacity 34152K, committed 34560K, reserved 1087488K
  class space    used 4603K, capacity 4759K, committed 4864K, reserved 1048576K
Event: 6.434 GC heap after
Heap after GC invocations=14 (full 4):
 PSYoungGen      total 115200K, used 64K [0x00000000e0000000, 0x00000000e7d80000, 0x0000000100000000)
  eden space 104960K, 0% used [0x00000000e0000000,0x00000000e0000000,0x00000000e6680000)
  from space 10240K, 0% used [0x00000000e7380000,0x00000000e7390000,0x00000000e7d80000)
  to   space 11776K, 0% used [0x00000000e6680000,0x00000000e6680000,0x00000000e7200000)
 ParOldGen       total 95744K, used 12137K [0x00000000a0000000, 0x00000000a5d80000, 0x00000000e0000000)
  object space 95744K, 12% used [0x00000000a0000000,0x00000000a0bda720,0x00000000a5d80000)
 Metaspace       used 33629K, capacity 34152K, committed 34560K, reserved 1087488K
  class space    used 4603K, capacity 4759K, committed 4864K, reserved 1048576K
}
Event: 6.434 GC heap before
{Heap before GC invocations=15 (full 5):
 PSYoungGen      total 115200K, used 64K [0x00000000e0000000, 0x00000000e7d80000, 0x0000000100000000)
  eden space 104960K, 0% used [0x00000000e0000000,0x00000000e0000000,0x00000000e6680000)
  from space 10240K, 0% used [0x00000000e7380000,0x00000000e7390000,0x00000000e7d80000)
  to   space 11776K, 0% used [0x00000000e6680000,0x00000000e6680000,0x00000000e7200000)
 ParOldGen       total 95744K, used 12137K [0x00000000a0000000, 0x00000000a5d80000, 0x00000000e0000000)
  object space 95744K, 12% used [0x00000000a0000000,0x00000000a0bda720,0x00000000a5d80000)
 Metaspace       used 33629K, capacity 34152K, committed 34560K, reserved 1087488K
  class space    used 4603K, capacity 4759K, committed 4864K, reserved 1048576K
Event: 6.479 GC heap after
Heap after GC invocations=15 (full 5):
 PSYoungGen      total 115200K, used 0K [0x00000000e0000000, 0x00000000e7d80000, 0x0000000100000000)
  eden space 104960K, 0% used [0x00000000e0000000,0x00000000e0000000,0x00000000e6680000)
  from space 10240K, 0% used [0x00000000e7380000,0x00000000e7380000,0x00000000e7d80000)
  to   space 11776K, 0% used [0x00000000e6680000,0x00000000e6680000,0x00000000e7200000)
 ParOldGen       total 95744K, used 12136K [0x00000000a0000000, 0x00000000a5d80000, 0x00000000e0000000)
  object space 95744K, 12% used [0x00000000a0000000,0x00000000a0bda1d8,0x00000000a5d80000)
 Metaspace       used 33629K, capacity 34152K, committed 34560K, reserved 1081344K
  class space    used 4603K, capacity 4759K, committed 4864K, reserved 1048576K
}

